生成启动时间为 2017/1/3 14:03:00。
     1>项目“E:\sync_directory\workspace\SPDInv\SPDInv_CL\SPDInv_CL.vcxproj”在节点 2 上(Build 个目标)。
     1>C:\Program Files (x86)\MSBuild\Microsoft.Cpp\v4.0\V140\Microsoft.CppBuild.targets(392,5): warning MSB8028: The intermediate directory (Debug\) contains files shared from another project (symPosDefMatInv.vcxproj).  This can lead to incorrect clean and rebuild behavior.
     1>ClCompile:
         D:\Program Files (x86)\Microsoft Visual Studio 14.0\VC\bin\CL.exe /c /ZI /nologo /W3 /WX- /sdl /Od /Oy- /D WIN32 /D _DEBUG /D _CONSOLE /D _UNICODE /D UNICODE /Gm /EHsc /RTC1 /MDd /GS /fp:precise /Zc:wchar_t /Zc:forScope /Zc:inline /Yc"stdafx.h" /Fp"Debug\SPDInv_cl.pch" /Fo"Debug\\" /Fd"Debug\vc140.pdb" /Gd /TP /analyze- /errorReport:prompt stdafx.cpp
         stdafx.cpp
         D:\Program Files (x86)\Microsoft Visual Studio 14.0\VC\bin\CL.exe /c /ZI /nologo /W3 /WX- /sdl /Od /Oy- /D WIN32 /D _DEBUG /D _CONSOLE /D _UNICODE /D UNICODE /Gm /EHsc /RTC1 /MDd /GS /fp:precise /Zc:wchar_t /Zc:forScope /Zc:inline /Yu"stdafx.h" /Fp"Debug\SPDInv_cl.pch" /Fo"Debug\\" /Fd"Debug\vc140.pdb" /Gd /TP /analyze- /errorReport:prompt cl_cholesky.cpp cl_common.cpp cl_SPD_inv.cpp cl_trigmat_inv.cpp cl_trigmat_mul.cpp main.cpp
         main.cpp
     1>e:\sync_directory\workspace\spdinv\spdinv_cl\main.cpp(136): warning C4477: 'printf' : format string '%d' requires an argument of type 'int', but variadic argument 1 has type 'double'
     1>e:\sync_directory\workspace\spdinv\spdinv_cl\main.cpp(136): warning C4473: “printf”: 没有为格式字符串传递足够的参数
         e:\sync_directory\workspace\spdinv\spdinv_cl\main.cpp(136): note: placeholders and their parameters expect 2 variadic arguments, but 1 were provided
         e:\sync_directory\workspace\spdinv\spdinv_cl\main.cpp(136): note: the missing variadic argument 2 is required by format string '%lf'
     1>e:\sync_directory\workspace\spdinv\spdinv_cl\main.cpp(102): warning C4101: “bakMat”: 未引用的局部变量
         cl_trigmat_mul.cpp
     1>e:\sync_directory\workspace\spdinv\spdinv_cl\cl_trigmat_mul.cpp(24): warning C4838: 从“int”转换到“size_t”需要收缩转换
     1>e:\sync_directory\workspace\spdinv\spdinv_cl\cl_trigmat_mul.cpp(13): warning C4101: “queue_device”: 未引用的局部变量
         cl_trigmat_inv.cpp
     1>e:\sync_directory\workspace\spdinv\spdinv_cl\cl_trigmat_inv.cpp(29): warning C4838: 从“int”转换到“size_t”需要收缩转换
     1>e:\sync_directory\workspace\spdinv\spdinv_cl\cl_trigmat_inv.cpp(15): warning C4101: “queue_device”: 未引用的局部变量
         cl_SPD_inv.cpp
         cl_common.cpp
         cl_cholesky.cpp
     1>e:\sync_directory\workspace\spdinv\spdinv_cl\cl_cholesky.cpp(29): warning C4838: 从“int”转换到“size_t”需要收缩转换
         正在生成代码...
       Link:
         D:\Program Files (x86)\Microsoft Visual Studio 14.0\VC\bin\link.exe /ERRORREPORT:PROMPT /OUT:"E:\sync_directory\workspace\SPDInv\Debug\SPDInv_cl.exe" /INCREMENTAL /NOLOGO OpenCL.lib kernel32.lib user32.lib gdi32.lib winspool.lib comdlg32.lib advapi32.lib shell32.lib ole32.lib oleaut32.lib uuid.lib odbc32.lib odbccp32.lib /MANIFEST /MANIFESTUAC:"level='asInvoker' uiAccess='false'" /manifest:embed /Debug /PDB:"E:\sync_directory\workspace\SPDInv\Debug\SPDInv_cl.pdb" /SUBSYSTEM:CONSOLE /TLBID:1 /DYNAMICBASE /NXCOMPAT /IMPLIB:"E:\sync_directory\workspace\SPDInv\Debug\SPDInv_cl.lib" /MACHINE:X86 Debug\cl_cholesky.obj
         Debug\cl_common.obj
         Debug\cl_SPD_inv.obj
         Debug\cl_trigmat_inv.obj
         Debug\cl_trigmat_mul.obj
         Debug\stdafx.obj
         Debug\main.obj
     1>cl_cholesky.obj : error LNK2019: 无法解析的外部符号 _clSetKernelArg@16，该符号在函数 "double __cdecl cholesky_m1(int,struct SPDInv_struct *,double *)" (?cholesky_m1@@YANHPAUSPDInv_struct@@PAN@Z) 中被引用
     1>cl_trigmat_inv.obj : error LNK2001: 无法解析的外部符号 _clSetKernelArg@16
     1>cl_trigmat_mul.obj : error LNK2001: 无法解析的外部符号 _clSetKernelArg@16
     1>cl_cholesky.obj : error LNK2019: 无法解析的外部符号 _clFinish@4，该符号在函数 "double __cdecl cholesky_m1(int,struct SPDInv_struct *,double *)" (?cholesky_m1@@YANHPAUSPDInv_struct@@PAN@Z) 中被引用
     1>cl_trigmat_inv.obj : error LNK2001: 无法解析的外部符号 _clFinish@4
     1>cl_trigmat_mul.obj : error LNK2001: 无法解析的外部符号 _clFinish@4
     1>cl_cholesky.obj : error LNK2019: 无法解析的外部符号 _clEnqueueReadBuffer@36，该符号在函数 "double __cdecl cholesky_m1(int,struct SPDInv_struct *,double *)" (?cholesky_m1@@YANHPAUSPDInv_struct@@PAN@Z) 中被引用
     1>cl_trigmat_inv.obj : error LNK2001: 无法解析的外部符号 _clEnqueueReadBuffer@36
     1>cl_cholesky.obj : error LNK2019: 无法解析的外部符号 _clEnqueueNDRangeKernel@36，该符号在函数 "double __cdecl cholesky_m1(int,struct SPDInv_struct *,double *)" (?cholesky_m1@@YANHPAUSPDInv_struct@@PAN@Z) 中被引用
     1>cl_trigmat_inv.obj : error LNK2001: 无法解析的外部符号 _clEnqueueNDRangeKernel@36
     1>cl_trigmat_mul.obj : error LNK2001: 无法解析的外部符号 _clEnqueueNDRangeKernel@36
     1>cl_common.obj : error LNK2019: 无法解析的外部符号 _clGetPlatformIDs@12，该符号在函数 "struct _cl_device_id * __cdecl get_first_device(void)" (?get_first_device@@YAPAU_cl_device_id@@XZ) 中被引用
     1>cl_common.obj : error LNK2019: 无法解析的外部符号 _clGetDeviceIDs@24，该符号在函数 "struct _cl_device_id * __cdecl get_first_device(void)" (?get_first_device@@YAPAU_cl_device_id@@XZ) 中被引用
     1>cl_common.obj : error LNK2019: 无法解析的外部符号 _clCreateProgramWithSource@20，该符号在函数 "struct _cl_program * __cdecl build_program(struct _cl_context *,struct _cl_device_id *,char const *)" (?build_program@@YAPAU_cl_program@@PAU_cl_context@@PAU_cl_device_id@@PBD@Z) 中被引用
     1>cl_common.obj : error LNK2019: 无法解析的外部符号 _clBuildProgram@24，该符号在函数 "struct _cl_program * __cdecl build_program(struct _cl_context *,struct _cl_device_id *,char const *)" (?build_program@@YAPAU_cl_program@@PAU_cl_context@@PAU_cl_device_id@@PBD@Z) 中被引用
     1>cl_common.obj : error LNK2019: 无法解析的外部符号 _clGetProgramBuildInfo@24，该符号在函数 "struct _cl_program * __cdecl build_program(struct _cl_context *,struct _cl_device_id *,char const *)" (?build_program@@YAPAU_cl_program@@PAU_cl_context@@PAU_cl_device_id@@PBD@Z) 中被引用
     1>cl_SPD_inv.obj : error LNK2019: 无法解析的外部符号 _clCreateContext@24，该符号在函数 "void __cdecl cl_SPDInv_setup(struct SPDInv_struct *,int,int)" (?cl_SPDInv_setup@@YAXPAUSPDInv_struct@@HH@Z) 中被引用
     1>cl_SPD_inv.obj : error LNK2019: 无法解析的外部符号 _clCreateCommandQueueWithProperties@16，该符号在函数 "void __cdecl cl_SPDInv_setup(struct SPDInv_struct *,int,int)" (?cl_SPDInv_setup@@YAXPAUSPDInv_struct@@HH@Z) 中被引用
     1>cl_SPD_inv.obj : error LNK2019: 无法解析的外部符号 _clCreateBuffer@24，该符号在函数 "void __cdecl cl_SPDInv_setup(struct SPDInv_struct *,int,int)" (?cl_SPDInv_setup@@YAXPAUSPDInv_struct@@HH@Z) 中被引用
     1>cl_SPD_inv.obj : error LNK2019: 无法解析的外部符号 _clCreateKernel@12，该符号在函数 "void __cdecl cl_SPDInv_setup(struct SPDInv_struct *,int,int)" (?cl_SPDInv_setup@@YAXPAUSPDInv_struct@@HH@Z) 中被引用
     1>main.obj : error LNK2019: 无法解析的外部符号 _clEnqueueWriteBuffer@36，该符号在函数 _main 中被引用
     1>C:\Program Files (x86)\Intel\OpenCL SDK\6.1\\lib\x64\OpenCL.lib : warning LNK4272: 库计算机类型“x64”与目标计算机类型“X86”冲突
     1>E:\sync_directory\workspace\SPDInv\Debug\SPDInv_cl.exe : fatal error LNK1120: 14 个无法解析的外部命令
     1>已完成生成项目“E:\sync_directory\workspace\SPDInv\SPDInv_CL\SPDInv_CL.vcxproj”(Build 个目标)的操作 - 失败。

生成失败。

已用时间 00:00:04.92
